mode: set
github.com/kvql/bunsceal/pkg/taxonomy/compscope.go:16.65,20.16 2 1
github.com/kvql/bunsceal/pkg/taxonomy/compscope.go:20.16,23.3 2 1
github.com/kvql/bunsceal/pkg/taxonomy/compscope.go:26.2,27.16 2 0
github.com/kvql/bunsceal/pkg/taxonomy/compscope.go:27.16,30.3 2 0
github.com/kvql/bunsceal/pkg/taxonomy/compscope.go:33.2,33.91 1 0
github.com/kvql/bunsceal/pkg/taxonomy/compscope.go:33.91,36.3 2 0
github.com/kvql/bunsceal/pkg/taxonomy/compscope.go:39.2,41.16 3 0
github.com/kvql/bunsceal/pkg/taxonomy/compscope.go:41.16,44.3 2 0
github.com/kvql/bunsceal/pkg/taxonomy/compscope.go:46.2,46.22 1 0
github.com/kvql/bunsceal/pkg/taxonomy/publish.go:13.54,15.48 1 0
github.com/kvql/bunsceal/pkg/taxonomy/publish.go:15.48,18.17 2 0
github.com/kvql/bunsceal/pkg/taxonomy/publish.go:18.17,20.4 1 0
github.com/kvql/bunsceal/pkg/taxonomy/publish.go:24.2,25.16 2 0
github.com/kvql/bunsceal/pkg/taxonomy/publish.go:25.16,27.3 1 0
github.com/kvql/bunsceal/pkg/taxonomy/publish.go:28.2,29.43 2 0
github.com/kvql/bunsceal/pkg/taxonomy/publish.go:32.23,35.21 3 0
github.com/kvql/bunsceal/pkg/taxonomy/publish.go:35.21,36.22 1 0
github.com/kvql/bunsceal/pkg/taxonomy/publish.go:36.22,39.18 3 0
github.com/kvql/bunsceal/pkg/taxonomy/publish.go:39.18,41.5 1 0
github.com/kvql/bunsceal/pkg/taxonomy/publish.go:41.10,43.5 1 0
github.com/kvql/bunsceal/pkg/taxonomy/publish.go:44.9,46.4 1 0
github.com/kvql/bunsceal/pkg/taxonomy/publish.go:48.2,50.13 3 0
github.com/kvql/bunsceal/pkg/taxonomy/schema_validator.go:20.69,37.16 4 1
github.com/kvql/bunsceal/pkg/taxonomy/schema_validator.go:37.16,39.3 1 0
github.com/kvql/bunsceal/pkg/taxonomy/schema_validator.go:41.2,41.35 1 1
github.com/kvql/bunsceal/pkg/taxonomy/schema_validator.go:41.35,46.17 3 1
github.com/kvql/bunsceal/pkg/taxonomy/schema_validator.go:46.17,48.4 1 1
github.com/kvql/bunsceal/pkg/taxonomy/schema_validator.go:51.3,52.58 2 1
github.com/kvql/bunsceal/pkg/taxonomy/schema_validator.go:52.58,54.4 1 1
github.com/kvql/bunsceal/pkg/taxonomy/schema_validator.go:58.3,58.62 1 1
github.com/kvql/bunsceal/pkg/taxonomy/schema_validator.go:58.62,59.47 1 1
github.com/kvql/bunsceal/pkg/taxonomy/schema_validator.go:59.47,61.63 1 1
github.com/kvql/bunsceal/pkg/taxonomy/schema_validator.go:61.63,63.6 1 0
github.com/kvql/bunsceal/pkg/taxonomy/schema_validator.go:64.10,67.70 2 0
github.com/kvql/bunsceal/pkg/taxonomy/schema_validator.go:67.70,69.6 1 0
github.com/kvql/bunsceal/pkg/taxonomy/schema_validator.go:76.2,78.35 3 1
github.com/kvql/bunsceal/pkg/taxonomy/schema_validator.go:78.35,81.17 3 1
github.com/kvql/bunsceal/pkg/taxonomy/schema_validator.go:81.17,83.4 1 0
github.com/kvql/bunsceal/pkg/taxonomy/schema_validator.go:84.3,84.25 1 1
github.com/kvql/bunsceal/pkg/taxonomy/schema_validator.go:87.2,90.8 1 1
github.com/kvql/bunsceal/pkg/taxonomy/schema_validator.go:95.79,98.58 2 1
github.com/kvql/bunsceal/pkg/taxonomy/schema_validator.go:98.58,100.3 1 0
github.com/kvql/bunsceal/pkg/taxonomy/schema_validator.go:103.2,107.9 3 1
github.com/kvql/bunsceal/pkg/taxonomy/schema_validator.go:107.9,109.3 1 1
github.com/kvql/bunsceal/pkg/taxonomy/schema_validator.go:112.2,112.52 1 1
github.com/kvql/bunsceal/pkg/taxonomy/schema_validator.go:112.52,114.3 1 1
github.com/kvql/bunsceal/pkg/taxonomy/schema_validator.go:116.2,116.12 1 1
github.com/kvql/bunsceal/pkg/taxonomy/schema_validator.go:121.51,122.23 1 1
github.com/kvql/bunsceal/pkg/taxonomy/schema_validator.go:123.35,125.23 2 1
github.com/kvql/bunsceal/pkg/taxonomy/schema_validator.go:125.23,127.4 1 1
github.com/kvql/bunsceal/pkg/taxonomy/schema_validator.go:128.3,128.11 1 1
github.com/kvql/bunsceal/pkg/taxonomy/schema_validator.go:129.21,130.23 1 1
github.com/kvql/bunsceal/pkg/taxonomy/schema_validator.go:130.23,132.4 1 1
github.com/kvql/bunsceal/pkg/taxonomy/schema_validator.go:134.2,134.10 1 1
github.com/kvql/bunsceal/pkg/taxonomy/schema_validator.go:138.45,139.53 1 1
github.com/kvql/bunsceal/pkg/taxonomy/schema_validator.go:139.53,143.3 1 1
github.com/kvql/bunsceal/pkg/taxonomy/schema_validator.go:144.2,144.12 1 1
github.com/kvql/bunsceal/pkg/taxonomy/secdomain.go:33.64,37.16 2 1
github.com/kvql/bunsceal/pkg/taxonomy/secdomain.go:37.16,40.3 2 1
github.com/kvql/bunsceal/pkg/taxonomy/secdomain.go:42.2,43.85 2 0
github.com/kvql/bunsceal/pkg/taxonomy/secdomain.go:43.85,44.17 1 0
github.com/kvql/bunsceal/pkg/taxonomy/secdomain.go:44.17,46.4 1 0
github.com/kvql/bunsceal/pkg/taxonomy/secdomain.go:47.3,47.17 1 0
github.com/kvql/bunsceal/pkg/taxonomy/secdomain.go:47.17,50.18 2 0
github.com/kvql/bunsceal/pkg/taxonomy/secdomain.go:50.18,52.5 1 0
github.com/kvql/bunsceal/pkg/taxonomy/secdomain.go:53.4,53.28 1 0
github.com/kvql/bunsceal/pkg/taxonomy/secdomain.go:55.3,55.13 1 0
github.com/kvql/bunsceal/pkg/taxonomy/secdomain.go:57.2,57.16 1 0
github.com/kvql/bunsceal/pkg/taxonomy/secdomain.go:57.16,59.3 1 0
github.com/kvql/bunsceal/pkg/taxonomy/secdomain.go:62.2,65.31 4 0
github.com/kvql/bunsceal/pkg/taxonomy/secdomain.go:65.31,66.35 1 0
github.com/kvql/bunsceal/pkg/taxonomy/secdomain.go:66.35,69.4 2 0
github.com/kvql/bunsceal/pkg/taxonomy/secdomain.go:69.9,71.4 1 0
github.com/kvql/bunsceal/pkg/taxonomy/secdomain.go:73.2,73.14 1 0
github.com/kvql/bunsceal/pkg/taxonomy/secdomain.go:73.14,74.38 1 0
github.com/kvql/bunsceal/pkg/taxonomy/secdomain.go:74.38,76.4 1 0
github.com/kvql/bunsceal/pkg/taxonomy/secdomain.go:77.3,77.86 1 0
github.com/kvql/bunsceal/pkg/taxonomy/secdomain.go:80.2,80.20 1 0
github.com/kvql/bunsceal/pkg/taxonomy/secdomain.go:83.84,86.16 2 1
github.com/kvql/bunsceal/pkg/taxonomy/secdomain.go:86.16,88.3 1 0
github.com/kvql/bunsceal/pkg/taxonomy/secdomain.go:89.2,91.16 3 1
github.com/kvql/bunsceal/pkg/taxonomy/secdomain.go:91.16,93.3 1 0
github.com/kvql/bunsceal/pkg/taxonomy/secdomain.go:94.2,94.29 1 1
github.com/kvql/bunsceal/pkg/taxonomy/secdomain.go:95.13,97.79 1 1
github.com/kvql/bunsceal/pkg/taxonomy/secdomain.go:97.79,100.4 2 0
github.com/kvql/bunsceal/pkg/taxonomy/secdomain.go:103.3,105.17 3 1
github.com/kvql/bunsceal/pkg/taxonomy/secdomain.go:105.17,107.4 1 0
github.com/kvql/bunsceal/pkg/taxonomy/secdomain.go:108.3,108.20 1 1
github.com/kvql/bunsceal/pkg/taxonomy/secdomain.go:109.10,110.108 1 1
github.com/kvql/bunsceal/pkg/taxonomy/secenv.go:26.64,30.16 2 1
github.com/kvql/bunsceal/pkg/taxonomy/secenv.go:30.16,33.3 2 1
github.com/kvql/bunsceal/pkg/taxonomy/secenv.go:35.2,36.16 2 0
github.com/kvql/bunsceal/pkg/taxonomy/secenv.go:36.16,38.3 1 0
github.com/kvql/bunsceal/pkg/taxonomy/secenv.go:39.2,41.29 3 0
github.com/kvql/bunsceal/pkg/taxonomy/secenv.go:41.29,42.20 1 0
github.com/kvql/bunsceal/pkg/taxonomy/secenv.go:42.20,46.18 3 0
github.com/kvql/bunsceal/pkg/taxonomy/secenv.go:46.18,49.5 2 0
github.com/kvql/bunsceal/pkg/taxonomy/secenv.go:50.4,50.28 1 0
github.com/kvql/bunsceal/pkg/taxonomy/secenv.go:53.2,53.11 1 0
github.com/kvql/bunsceal/pkg/taxonomy/secenv.go:53.11,55.3 1 0
github.com/kvql/bunsceal/pkg/taxonomy/secenv.go:55.8,57.3 1 0
github.com/kvql/bunsceal/pkg/taxonomy/secenv.go:60.87,63.16 2 1
github.com/kvql/bunsceal/pkg/taxonomy/secenv.go:63.16,65.3 1 0
github.com/kvql/bunsceal/pkg/taxonomy/secenv.go:68.2,68.78 1 1
github.com/kvql/bunsceal/pkg/taxonomy/secenv.go:68.78,71.3 2 1
github.com/kvql/bunsceal/pkg/taxonomy/secenv.go:74.2,76.16 3 1
github.com/kvql/bunsceal/pkg/taxonomy/secenv.go:76.16,78.3 1 0
github.com/kvql/bunsceal/pkg/taxonomy/secenv.go:80.2,80.19 1 1
github.com/kvql/bunsceal/pkg/taxonomy/taxonomy.go:42.60,46.39 3 1
github.com/kvql/bunsceal/pkg/taxonomy/taxonomy.go:46.39,47.50 1 1
github.com/kvql/bunsceal/pkg/taxonomy/taxonomy.go:47.50,49.49 1 1
github.com/kvql/bunsceal/pkg/taxonomy/taxonomy.go:49.49,50.44 1 1
github.com/kvql/bunsceal/pkg/taxonomy/taxonomy.go:50.44,54.6 3 1
github.com/kvql/bunsceal/pkg/taxonomy/taxonomy.go:57.4,57.39 1 1
github.com/kvql/bunsceal/pkg/taxonomy/taxonomy.go:57.39,61.5 3 1
github.com/kvql/bunsceal/pkg/taxonomy/taxonomy.go:64.2,64.24 1 1
github.com/kvql/bunsceal/pkg/taxonomy/taxonomy.go:67.41,70.33 2 1
github.com/kvql/bunsceal/pkg/taxonomy/taxonomy.go:70.33,72.46 1 1
github.com/kvql/bunsceal/pkg/taxonomy/taxonomy.go:72.46,73.43 1 1
github.com/kvql/bunsceal/pkg/taxonomy/taxonomy.go:73.43,76.5 2 1
github.com/kvql/bunsceal/pkg/taxonomy/taxonomy.go:79.2,79.14 1 1
github.com/kvql/bunsceal/pkg/taxonomy/taxonomy.go:82.41,84.39 1 1
github.com/kvql/bunsceal/pkg/taxonomy/taxonomy.go:84.39,85.50 1 1
github.com/kvql/bunsceal/pkg/taxonomy/taxonomy.go:85.50,86.67 1 1
github.com/kvql/bunsceal/pkg/taxonomy/taxonomy.go:86.67,89.5 2 1
github.com/kvql/bunsceal/pkg/taxonomy/taxonomy.go:90.4,90.67 1 1
github.com/kvql/bunsceal/pkg/taxonomy/taxonomy.go:90.67,93.5 2 1
github.com/kvql/bunsceal/pkg/taxonomy/taxonomy.go:95.4,95.35 1 1
github.com/kvql/bunsceal/pkg/taxonomy/taxonomy.go:95.35,97.5 1 1
github.com/kvql/bunsceal/pkg/taxonomy/taxonomy.go:99.4,99.49 1 1
github.com/kvql/bunsceal/pkg/taxonomy/taxonomy.go:99.49,101.43 1 1
github.com/kvql/bunsceal/pkg/taxonomy/taxonomy.go:101.43,102.31 1 1
github.com/kvql/bunsceal/pkg/taxonomy/taxonomy.go:102.31,104.7 1 1
github.com/kvql/bunsceal/pkg/taxonomy/taxonomy.go:105.6,105.53 1 1
github.com/kvql/bunsceal/pkg/taxonomy/taxonomy.go:108.4,108.39 1 1
github.com/kvql/bunsceal/pkg/taxonomy/taxonomy.go:116.59,120.39 4 1
github.com/kvql/bunsceal/pkg/taxonomy/taxonomy.go:120.39,123.3 2 1
github.com/kvql/bunsceal/pkg/taxonomy/taxonomy.go:124.2,125.51 1 1
github.com/kvql/bunsceal/pkg/taxonomy/taxonomy.go:125.51,129.3 3 1
github.com/kvql/bunsceal/pkg/taxonomy/taxonomy.go:131.2,131.66 1 1
github.com/kvql/bunsceal/pkg/taxonomy/taxonomy.go:131.66,135.3 3 1
github.com/kvql/bunsceal/pkg/taxonomy/taxonomy.go:136.2,136.24 1 1
github.com/kvql/bunsceal/pkg/taxonomy/taxonomy.go:139.57,143.12 3 1
github.com/kvql/bunsceal/pkg/taxonomy/taxonomy.go:143.12,145.3 1 1
github.com/kvql/bunsceal/pkg/taxonomy/taxonomy.go:146.2,147.12 2 1
github.com/kvql/bunsceal/pkg/taxonomy/taxonomy.go:147.12,149.3 1 1
github.com/kvql/bunsceal/pkg/taxonomy/taxonomy.go:151.2,155.14 3 1
github.com/kvql/bunsceal/pkg/taxonomy/taxonomy.go:162.39,169.16 5 0
github.com/kvql/bunsceal/pkg/taxonomy/taxonomy.go:169.16,172.3 2 0
github.com/kvql/bunsceal/pkg/taxonomy/taxonomy.go:174.2,179.16 4 0
github.com/kvql/bunsceal/pkg/taxonomy/taxonomy.go:179.16,182.3 2 0
github.com/kvql/bunsceal/pkg/taxonomy/taxonomy.go:185.2,186.16 2 0
github.com/kvql/bunsceal/pkg/taxonomy/taxonomy.go:186.16,189.3 2 0
github.com/kvql/bunsceal/pkg/taxonomy/taxonomy.go:192.2,194.12 2 0
github.com/kvql/bunsceal/pkg/taxonomy/taxonomy.go:194.12,197.3 2 0
github.com/kvql/bunsceal/pkg/taxonomy/taxonomy.go:197.8,200.3 1 0
